<?xml version="1.0" encoding="UTF-8"?>
<!-- Generated by org.testng.reporters.JUnitReportReporter -->
<testsuite hostname="LAPTOP-ED3B4Q90" failures="0" tests="2" name="services.IncidentTests" time="12.698" errors="0" timestamp="16 Apr 2023 02:00:45 GMT" skipped="0">
  <testcase classname="services.IncidentTests" name="CreateIncidents1" time="7.111"/>
  <testcase classname="services.IncidentTests" name="getIncidents1" time="5.587"/>
</testsuite> <!-- services.IncidentTests -->
