<?xml version="1.0" encoding="UTF-8"?>
<!-- Generated by org.testng.reporters.JUnitReportReporter -->
<testsuite hostname="LAPTOP-ED3B4Q90" failures="0" tests="2" name="services.AnotherIncidentTests" time="9.777" errors="0" timestamp="16 Apr 2023 02:00:45 GMT" skipped="0">
  <testcase classname="services.AnotherIncidentTests" name="getIncidents" time="5.504"/>
  <testcase classname="services.AnotherIncidentTests" name="CreateIncidents" time="4.273"/>
</testsuite> <!-- services.AnotherIncidentTests -->
