<?xml version="1.0" encoding="UTF-8"?>
<!-- Generated by org.testng.reporters.JUnitReportReporter -->
<testsuite hostname="DESKTOP-JQJ5R9C" failures="0" tests="2" name="services.AnotherIncidentTests" time="11.499" errors="0" timestamp="13 Jun 2023 16:45:46 GMT" skipped="0">
  <testcase classname="services.AnotherIncidentTests" name="getIncidents" time="7.302"/>
  <testcase classname="services.AnotherIncidentTests" name="CreateIncidents" time="4.197"/>
</testsuite> <!-- services.AnotherIncidentTests -->
