<?xml version="1.0" encoding="UTF-8"?>
<!-- Generated by org.testng.reporters.JUnitReportReporter -->
<testsuite hostname="DESKTOP-JQJ5R9C" failures="0" tests="2" name="services.IncidentTests" time="12.639" errors="0" timestamp="13 Jun 2023 16:45:46 GMT" skipped="0">
  <testcase classname="services.IncidentTests" name="getIncidents1" time="7.445"/>
  <testcase classname="services.IncidentTests" name="CreateIncidents1" time="5.194"/>
</testsuite> <!-- services.IncidentTests -->
