<?xml version="1.0" encoding="UTF-8"?>
<!-- Generated by org.testng.reporters.JUnitReportReporter -->
<testsuite hostname="DESKTOP-JQJ5R9C" failures="0" tests="1" name="runner.RunTest" time="6.429" errors="0" timestamp="13 Jun 2023 16:45:46 GMT" skipped="0">
  <testcase classname="runner.RunTest" name="runScenario" time="6.429"/>
</testsuite> <!-- runner.RunTest -->
